# JRE version: Java(TM) SE Runtime Environment (7.0_80-b15) (build 1.7.0_80-b15)
# Java VM: Java HotSpot(TM) 64-Bit Server VM (24.80-b11 mixed mode linux-amd64 compressed oops)
Heap
 PSYoungGen      total 140288K, used 102921K [0x00000007acc80000, 0x00000007bdc80000, 0x0000000800000000)
  eden space 130048K, 74% used [0x00000007acc80000,0x00000007b2aafa88,0x00000007b4b80000)
  from space 10240K, 63% used [0x00000007b4b80000,0x00000007b51d2c50,0x00000007b5580000)
  to   space 9216K, 0% used [0x00000007bd380000,0x00000007bd380000,0x00000007bdc80000)
 ParOldGen       total 169984K, used 32K [0x0000000706600000, 0x0000000710c00000, 0x00000007acc80000)
  object space 169984K, 0% used [0x0000000706600000,0x0000000706608000,0x0000000710c00000)
 PSPermGen       total 23040K, used 22679K [0x0000000701400000, 0x0000000702a80000, 0x0000000706600000)
  object space 23040K, 98% used [0x0000000701400000,0x0000000702a25d40,0x0000000702a80000)
GC Heap History (10 events):
Event: 2,520 GC heap before
{Heap before GC invocations=1 (full 0):
 PSYoungGen      total 75264K, used 65024K [0x00000007acc80000, 0x00000007b2000000, 0x0000000800000000)
  eden space 65024K, 100% used [0x00000007acc80000,0x00000007b0c00000,0x00000007b0c00000)
  from space 10240K, 0% used [0x00000007b1600000,0x00000007b1600000,0x00000007b2000000)
  to   space 10240K, 0% used [0x00000007b0c00000,0x00000007b0c00000,0x00000007b1600000)
 ParOldGen       total 169984K, used 0K [0x0000000706600000, 0x0000000710c00000, 0x00000007acc80000)
  object space 169984K, 0% used [0x0000000706600000,0x0000000706600000,0x0000000710c00000)
 PSPermGen       total 21504K, used 15122K [0x0000000701400000, 0x0000000702900000, 0x0000000706600000)
  object space 21504K, 70% used [0x0000000701400000,0x00000007022c4958,0x0000000702900000)
Event: 2,527 GC heap after
Heap after GC invocations=1 (full 0):
 PSYoungGen      total 75264K, used 5723K [0x00000007acc80000, 0x00000007b2000000, 0x0000000800000000)
  eden space 65024K, 0% used [0x00000007acc80000,0x00000007acc80000,0x00000007b0c00000)
  from space 10240K, 55% used [0x00000007b0c00000,0x00000007b1196c98,0x00000007b1600000)
  to   space 10240K, 0% used [0x00000007b1600000,0x00000007b1600000,0x00000007b2000000)
 ParOldGen       total 169984K, used 8K [0x0000000706600000, 0x0000000710c00000, 0x00000007acc80000)
  object space 169984K, 0% used [0x0000000706600000,0x0000000706602000,0x0000000710c00000)
 PSPermGen       total 21504K, used 15122K [0x0000000701400000, 0x0000000702900000, 0x0000000706600000)
  object space 21504K, 70% used [0x0000000701400000,0x00000007022c4958,0x0000000702900000)
}
Event: 2,844 GC heap before
{Heap before GC invocations=2 (full 0):
 PSYoungGen      total 75264K, used 70747K [0x00000007acc80000, 0x00000007b2000000, 0x0000000800000000)
  eden space 65024K, 100% used [0x00000007acc80000,0x00000007b0c00000,0x00000007b0c00000)
  from space 10240K, 55% used [0x00000007b0c00000,0x00000007b1196c98,0x00000007b1600000)
  to   space 10240K, 0% used [0x00000007b1600000,0x00000007b1600000,0x00000007b2000000)
 ParOldGen       total 169984K, used 8K [0x0000000706600000, 0x0000000710c00000, 0x00000007acc80000)
  object space 169984K, 0% used [0x0000000706600000,0x0000000706602000,0x0000000710c00000)
 PSPermGen       total 22016K, used 21791K [0x0000000701400000, 0x0000000702980000, 0x0000000706600000)
  object space 22016K, 98% used [0x0000000701400000,0x0000000702947c80,0x0000000702980000)
Event: 2,854 GC heap after
Heap after GC invocations=2 (full 0):
 PSYoungGen      total 75264K, used 9151K [0x00000007acc80000, 0x00000007b5f80000, 0x0000000800000000)
  eden space 65024K, 0% used [0x00000007acc80000,0x00000007acc80000,0x00000007b0c00000)
  from space 10240K, 89% used [0x00000007b1600000,0x00000007b1eeff60,0x00000007b2000000)
  to   space 10240K, 0% used [0x00000007b0c00000,0x00000007b0c00000,0x00000007b1600000)
 ParOldGen       total 169984K, used 8K [0x0000000706600000, 0x0000000710c00000, 0x00000007acc80000)
  object space 169984K, 0% used [0x0000000706600000,0x0000000706602000,0x0000000710c00000)
 PSPermGen       total 22016K, used 21791K [0x0000000701400000, 0x0000000702980000, 0x0000000706600000)
  object space 22016K, 98% used [0x0000000701400000,0x0000000702947c80,0x0000000702980000)
}
Event: 2,962 GC heap before
{Heap before GC invocations=3 (full 0):
 PSYoungGen      total 75264K, used 74175K [0x00000007acc80000, 0x00000007b5f80000, 0x0000000800000000)
  eden space 65024K, 100% used [0x00000007acc80000,0x00000007b0c00000,0x00000007b0c00000)
  from space 10240K, 89% used [0x00000007b1600000,0x00000007b1eeff60,0x00000007b2000000)
  to   space 10240K, 0% used [0x00000007b0c00000,0x00000007b0c00000,0x00000007b1600000)
 ParOldGen       total 169984K, used 8K [0x0000000706600000, 0x0000000710c00000, 0x00000007acc80000)
  object space 169984K, 0% used [0x0000000706600000,0x0000000706602000,0x0000000710c00000)
 PSPermGen       total 22016K, used 21831K [0x0000000701400000, 0x0000000702980000, 0x0000000706600000)
  object space 22016K, 99% used [0x0000000701400000,0x0000000702951f58,0x0000000702980000)
Event: 2,968 GC heap after
Heap after GC invocations=3 (full 0):
 PSYoungGen      total 75264K, used 5138K [0x00000007acc80000, 0x00000007b5f80000, 0x0000000800000000)
  eden space 65024K, 0% used [0x00000007acc80000,0x00000007acc80000,0x00000007b0c00000)
  from space 10240K, 50% used [0x00000007b0c00000,0x00000007b1104840,0x00000007b1600000)
  to   space 10240K, 0% used [0x00000007b5580000,0x00000007b5580000,0x00000007b5f80000)
 ParOldGen       total 169984K, used 8K [0x0000000706600000, 0x0000000710c00000, 0x00000007acc80000)
  object space 169984K, 0% used [0x0000000706600000,0x0000000706602000,0x0000000710c00000)
 PSPermGen       total 22016K, used 21831K [0x0000000701400000, 0x0000000702980000, 0x0000000706600000)
  object space 22016K, 99% used [0x0000000701400000,0x0000000702951f58,0x0000000702980000)
}
Event: 3,042 GC heap before
{Heap before GC invocations=4 (full 0):
 PSYoungGen      total 75264K, used 70162K [0x00000007acc80000, 0x00000007b5f80000, 0x0000000800000000)
  eden space 65024K, 100% used [0x00000007acc80000,0x00000007b0c00000,0x00000007b0c00000)
  from space 10240K, 50% used [0x00000007b0c00000,0x00000007b1104840,0x00000007b1600000)
  to   space 10240K, 0% used [0x00000007b5580000,0x00000007b5580000,0x00000007b5f80000)
 ParOldGen       total 169984K, used 8K [0x0000000706600000, 0x0000000710c00000, 0x00000007acc80000)
  object space 169984K, 0% used [0x0000000706600000,0x0000000706602000,0x0000000710c00000)
 PSPermGen       total 22016K, used 21835K [0x0000000701400000, 0x0000000702980000, 0x0000000706600000)
  object space 22016K, 99% used [0x0000000701400000,0x0000000702952e40,0x0000000702980000)
Event: 3,069 GC heap after
Heap after GC invocations=4 (full 0):
 PSYoungGen      total 140288K, used 5565K [0x00000007acc80000, 0x00000007b5f80000, 0x0000000800000000)
  eden space 130048K, 0% used [0x00000007acc80000,0x00000007acc80000,0x00000007b4b80000)
  from space 10240K, 54% used [0x00000007b5580000,0x00000007b5aef490,0x00000007b5f80000)
  to   space 10240K, 0% used [0x00000007b4b80000,0x00000007b4b80000,0x00000007b5580000)
 ParOldGen       total 169984K, used 16K [0x0000000706600000, 0x0000000710c00000, 0x00000007acc80000)
  object space 169984K, 0% used [0x0000000706600000,0x0000000706604000,0x0000000710c00000)
 PSPermGen       total 22016K, used 21835K [0x0000000701400000, 0x0000000702980000, 0x0000000706600000)
  object space 22016K, 99% used [0x0000000701400000,0x0000000702952e40,0x0000000702980000)
}
Event: 196,686 GC heap before
{Heap before GC invocations=5 (full 0):
 PSYoungGen      total 140288K, used 135613K [0x00000007acc80000, 0x00000007b5f80000, 0x0000000800000000)
  eden space 130048K, 100% used [0x00000007acc80000,0x00000007b4b80000,0x00000007b4b80000)
  from space 10240K, 54% used [0x00000007b5580000,0x00000007b5aef490,0x00000007b5f80000)
  to   space 10240K, 0% used [0x00000007b4b80000,0x00000007b4b80000,0x00000007b5580000)
 ParOldGen       total 169984K, used 16K [0x0000000706600000, 0x0000000710c00000, 0x00000007acc80000)
  object space 169984K, 0% used [0x0000000706600000,0x0000000706604000,0x0000000710c00000)
 PSPermGen       total 23040K, used 22532K [0x0000000701400000, 0x0000000702a80000, 0x0000000706600000)
  object space 23040K, 97% used [0x0000000701400000,0x0000000702a012e0,0x0000000702a80000)
Event: 196,695 GC heap after
Heap after GC invocations=5 (full 0):
 PSYoungGen      total 140288K, used 6475K [0x00000007acc80000, 0x00000007bdc80000, 0x0000000800000000)
  eden space 130048K, 0% used [0x00000007acc80000,0x00000007acc80000,0x00000007b4b80000)
  from space 10240K, 63% used [0x00000007b4b80000,0x00000007b51d2c50,0x00000007b5580000)
  to   space 9216K, 0% used [0x00000007bd380000,0x00000007bd380000,0x00000007bdc80000)
 ParOldGen       total 169984K, used 32K [0x0000000706600000, 0x0000000710c00000, 0x00000007acc80000)
  object space 169984K, 0% used [0x0000000706600000,0x0000000706608000,0x0000000710c00000)
 PSPermGen       total 23040K, used 22532K [0x0000000701400000, 0x0000000702a80000, 0x0000000706600000)
  object space 23040K, 97% used [0x0000000701400000,0x0000000702a012e0,0x0000000702a80000)
}

